  [1m[35m (14.3ms)[0m  [1m[35mCREATE TABLE "schema_migrations" ("version" character varying NOT NULL PRIMARY KEY)[0m
  [1m[35m (23.4ms)[0m  [1m[35mCREATE TABLE "ar_internal_metadata" ("key" character varying NOT NULL PRIMARY KEY, "value" character varying, "created_at" timestamp NOT NULL, "updated_at" timestamp NOT NULL)[0m
  [1m[35m (11.8ms)[0m  [1m[34mSELECT pg_try_advisory_lock(8518081555869047190)[0m
  [1m[35m (0.7ms)[0m  [1m[34mSELECT "schema_migrations"."version" FROM "schema_migrations" ORDER BY "schema_migrations"."version" ASC[0m
Migrating to CreateFreelanceDocuments (20180327190944)
  [1m[35m (0.2ms)[0m  [1m[35mBEGIN[0m
  [1m[35m (31.6ms)[0m  [1m[35mCREATE TABLE "freelance_documents" ("id" bigserial primary key, "title" character varying, "description" character varying, "file_url" text, "image_url" text, "created_at" timestamp NOT NULL, "updated_at" timestamp NOT NULL)[0m
  [1m[35mSQL (1.4ms)[0m  [1m[32mINSERT INTO "schema_migrations" ("version") VALUES ($1) RETURNING "version"[0m  [["version", "20180327190944"]]
  [1m[35m (0.6ms)[0m  [1m[35mCOMMIT[0m
  [1m[36mActiveRecord::InternalMetadata Load (0.9ms)[0m  [1m[34mSELECT  "ar_internal_metadata".* FROM "ar_internal_metadata" WHERE "ar_internal_metadata"."key" = $1 LIMIT $2[0m  [["key", "environment"], ["LIMIT", 1]]
  [1m[35m (0.2ms)[0m  [1m[35mBEGIN[0m
  [1m[35mSQL (1.3ms)[0m  [1m[32mINSERT INTO "ar_internal_metadata" ("key", "value", "created_at", "updated_at") VALUES ($1, $2, $3, $4) RETURNING "key"[0m  [["key", "environment"], ["value", "development"], ["created_at", "2018-03-27 19:10:23.423705"], ["updated_at", "2018-03-27 19:10:23.423705"]]
  [1m[35m (0.4ms)[0m  [1m[35mCOMMIT[0m
  [1m[35m (0.2ms)[0m  [1m[34mSELECT pg_advisory_unlock(8518081555869047190)[0m
  [1m[35m (0.5ms)[0m  [1m[34mSELECT "schema_migrations"."version" FROM "schema_migrations" ORDER BY "schema_migrations"."version" ASC[0m
  [1m[35m (1.0ms)[0m  [1m[34mSELECT "schema_migrations"."version" FROM "schema_migrations" ORDER BY "schema_migrations"."version" ASC[0m
  [1m[35m (12.1ms)[0m  [1m[34mSELECT "ar_internal_metadata"."value" FROM "ar_internal_metadata" WHERE "ar_internal_metadata"."key" = $1[0m  [["key", "environment"]]
  [1m[35m (0.4ms)[0m  [1m[34mSELECT "schema_migrations"."version" FROM "schema_migrations" ORDER BY "schema_migrations"."version" ASC[0m
  [1m[35m (0.3ms)[0m  [1m[34mSELECT "ar_internal_metadata"."value" FROM "ar_internal_metadata" WHERE "ar_internal_metadata"."key" = $1[0m  [["key", "environment"]]
  [1m[35m (0.3ms)[0m  [1m[34mSELECT "schema_migrations"."version" FROM "schema_migrations" ORDER BY "schema_migrations"."version" ASC[0m
  [1m[35m (0.3ms)[0m  [1m[34mSELECT "ar_internal_metadata"."value" FROM "ar_internal_metadata" WHERE "ar_internal_metadata"."key" = $1[0m  [["key", "environment"]]
  [1m[35mSQL (14.4ms)[0m  [1m[35mCREATE EXTENSION IF NOT EXISTS "plpgsql"[0m
  [1m[35m (10.7ms)[0m  [1m[35mDROP TABLE IF EXISTS "freelance_documents" CASCADE[0m
  [1m[35m (8.1ms)[0m  [1m[35mCREATE TABLE "freelance_documents" ("id" bigserial primary key, "title" character varying, "description" character varying, "file_url" text, "image_url" text, "created_at" timestamp NOT NULL, "updated_at" timestamp NOT NULL)[0m
  [1m[35m (1.0ms)[0m  [1m[34mSELECT "schema_migrations"."version" FROM "schema_migrations" ORDER BY "schema_migrations"."version" ASC[0m
  [1m[36mActiveRecord::InternalMetadata Load (1.0ms)[0m  [1m[34mSELECT  "ar_internal_metadata".* FROM "ar_internal_metadata" WHERE "ar_internal_metadata"."key" = $1 LIMIT $2[0m  [["key", "environment"], ["LIMIT", 1]]
  [1m[35m (0.2ms)[0m  [1m[35mBEGIN[0m
  [1m[35m (0.2ms)[0m  [1m[35mCOMMIT[0m
  [1m[36mActiveRecord::InternalMetadata Load (0.2ms)[0m  [1m[34mSELECT  "ar_internal_metadata".* FROM "ar_internal_metadata" WHERE "ar_internal_metadata"."key" = $1 LIMIT $2[0m  [["key", "environment"], ["LIMIT", 1]]
  [1m[35m (0.1ms)[0m  [1m[35mBEGIN[0m
  [1m[35m (0.1ms)[0m  [1m[35mCOMMIT[0m
  [1m[35mSQL (1.3ms)[0m  [1m[35mCREATE EXTENSION IF NOT EXISTS "plpgsql"[0m
  [1m[35m (0.6ms)[0m  [1m[35mDROP TABLE IF EXISTS "freelance_documents" CASCADE[0m
  [1m[35m (26.2ms)[0m  [1m[35mCREATE TABLE "freelance_documents" ("id" bigserial primary key, "title" character varying, "description" character varying, "file_url" text, "image_url" text, "created_at" timestamp NOT NULL, "updated_at" timestamp NOT NULL)[0m
  [1m[35m (4.8ms)[0m  [1m[35mCREATE TABLE "schema_migrations" ("version" character varying NOT NULL PRIMARY KEY)[0m
  [1m[35m (1.1ms)[0m  [1m[34mSELECT "schema_migrations"."version" FROM "schema_migrations" ORDER BY "schema_migrations"."version" ASC[0m
  [1m[35m (0.6ms)[0m  [1m[32mINSERT INTO "schema_migrations" (version) VALUES (20180327190944)[0m
  [1m[35m (4.0ms)[0m  [1m[35mCREATE TABLE "ar_internal_metadata" ("key" character varying NOT NULL PRIMARY KEY, "value" character varying, "created_at" timestamp NOT NULL, "updated_at" timestamp NOT NULL)[0m
  [1m[36mActiveRecord::InternalMetadata Load (0.4ms)[0m  [1m[34mSELECT  "ar_internal_metadata".* FROM "ar_internal_metadata" WHERE "ar_internal_metadata"."key" = $1 LIMIT $2[0m  [["key", "environment"], ["LIMIT", 1]]
  [1m[35m (0.2ms)[0m  [1m[35mBEGIN[0m
  [1m[35mSQL (0.4ms)[0m  [1m[32mINSERT INTO "ar_internal_metadata" ("key", "value", "created_at", "updated_at") VALUES ($1, $2, $3, $4) RETURNING "key"[0m  [["key", "environment"], ["value", "development"], ["created_at", "2018-03-27 19:34:58.041207"], ["updated_at", "2018-03-27 19:34:58.041207"]]
  [1m[35m (0.5ms)[0m  [1m[35mCOMMIT[0m
  [1m[36mActiveRecord::InternalMetadata Load (0.2ms)[0m  [1m[34mSELECT  "ar_internal_metadata".* FROM "ar_internal_metadata" WHERE "ar_internal_metadata"."key" = $1 LIMIT $2[0m  [["key", "environment"], ["LIMIT", 1]]
  [1m[35m (0.1ms)[0m  [1m[35mBEGIN[0m
  [1m[35mSQL (1.4ms)[0m  [1m[33mUPDATE "ar_internal_metadata" SET "value" = $1, "updated_at" = $2 WHERE "ar_internal_metadata"."key" = $3[0m  [["value", "test"], ["updated_at", "2018-03-27 19:34:58.044994"], ["key", "environment"]]
  [1m[35m (0.4ms)[0m  [1m[35mCOMMIT[0m
  [1m[35m (1.2ms)[0m  [1m[34mSELECT "schema_migrations"."version" FROM "schema_migrations" ORDER BY "schema_migrations"."version" ASC[0m
  [1m[35m (0.1ms)[0m  [1m[35mBEGIN[0m
  [1m[35mSQL (0.8ms)[0m  [1m[32mINSERT INTO "freelance_documents" ("title", "description", "file_url", "image_url", "created_at", "updated_at") VALUES ($1, $2, $3, $4, $5, $6) RETURNING "id"[0m  [["title", "Document 0"], ["description", "Lorem Ipsum is simply dummy text of the printing and typesetting industry. Lorem Ipsum has been the industry's standard dummy text ever since the 1500s,"], ["file_url", "https://docs.google.com/document/d/1UUgAob6ZpivgkgCbMD84JMMRc1flrzCPKybtQoAfASo/edit"], ["image_url", "https://s3.amazonaws.com/devcamp-static/images/freelance-img.jpg"], ["created_at", "2018-03-27 19:34:58.087332"], ["updated_at", "2018-03-27 19:34:58.087332"]]
  [1m[35m (5.8ms)[0m  [1m[35mCOMMIT[0m
  [1m[35m (0.2ms)[0m  [1m[35mBEGIN[0m
  [1m[35mSQL (0.4ms)[0m  [1m[32mINSERT INTO "freelance_documents" ("title", "description", "file_url", "image_url", "created_at", "updated_at") VALUES ($1, $2, $3, $4, $5, $6) RETURNING "id"[0m  [["title", "Document 1"], ["description", "Lorem Ipsum is simply dummy text of the printing and typesetting industry. Lorem Ipsum has been the industry's standard dummy text ever since the 1500s,"], ["file_url", "https://docs.google.com/document/d/1UUgAob6ZpivgkgCbMD84JMMRc1flrzCPKybtQoAfASo/edit"], ["image_url", "https://s3.amazonaws.com/devcamp-static/images/freelance-img.jpg"], ["created_at", "2018-03-27 19:34:58.095496"], ["updated_at", "2018-03-27 19:34:58.095496"]]
  [1m[35m (0.5ms)[0m  [1m[35mCOMMIT[0m
  [1m[35m (0.1ms)[0m  [1m[35mBEGIN[0m
  [1m[35mSQL (0.3ms)[0m  [1m[32mINSERT INTO "freelance_documents" ("title", "description", "file_url", "image_url", "created_at", "updated_at") VALUES ($1, $2, $3, $4, $5, $6) RETURNING "id"[0m  [["title", "Document 2"], ["description", "Lorem Ipsum is simply dummy text of the printing and typesetting industry. Lorem Ipsum has been the industry's standard dummy text ever since the 1500s,"], ["file_url", "https://docs.google.com/document/d/1UUgAob6ZpivgkgCbMD84JMMRc1flrzCPKybtQoAfASo/edit"], ["image_url", "https://s3.amazonaws.com/devcamp-static/images/freelance-img.jpg"], ["created_at", "2018-03-27 19:34:58.097709"], ["updated_at", "2018-03-27 19:34:58.097709"]]
  [1m[35m (0.4ms)[0m  [1m[35mCOMMIT[0m
  [1m[35m (0.1ms)[0m  [1m[35mBEGIN[0m
  [1m[35mSQL (0.4ms)[0m  [1m[32mINSERT INTO "freelance_documents" ("title", "description", "file_url", "image_url", "created_at", "updated_at") VALUES ($1, $2, $3, $4, $5, $6) RETURNING "id"[0m  [["title", "Document 3"], ["description", "Lorem Ipsum is simply dummy text of the printing and typesetting industry. Lorem Ipsum has been the industry's standard dummy text ever since the 1500s,"], ["file_url", "https://docs.google.com/document/d/1UUgAob6ZpivgkgCbMD84JMMRc1flrzCPKybtQoAfASo/edit"], ["image_url", "https://s3.amazonaws.com/devcamp-static/images/freelance-img.jpg"], ["created_at", "2018-03-27 19:34:58.099673"], ["updated_at", "2018-03-27 19:34:58.099673"]]
  [1m[35m (0.3ms)[0m  [1m[35mCOMMIT[0m
  [1m[35m (0.1ms)[0m  [1m[35mBEGIN[0m
  [1m[35mSQL (0.4ms)[0m  [1m[32mINSERT INTO "freelance_documents" ("title", "description", "file_url", "image_url", "created_at", "updated_at") VALUES ($1, $2, $3, $4, $5, $6) RETURNING "id"[0m  [["title", "Document 4"], ["description", "Lorem Ipsum is simply dummy text of the printing and typesetting industry. Lorem Ipsum has been the industry's standard dummy text ever since the 1500s,"], ["file_url", "https://docs.google.com/document/d/1UUgAob6ZpivgkgCbMD84JMMRc1flrzCPKybtQoAfASo/edit"], ["image_url", "https://s3.amazonaws.com/devcamp-static/images/freelance-img.jpg"], ["created_at", "2018-03-27 19:34:58.101875"], ["updated_at", "2018-03-27 19:34:58.101875"]]
  [1m[35m (0.5ms)[0m  [1m[35mCOMMIT[0m
  [1m[35m (0.1ms)[0m  [1m[35mBEGIN[0m
  [1m[35mSQL (0.3ms)[0m  [1m[32mINSERT INTO "freelance_documents" ("title", "description", "file_url", "image_url", "created_at", "updated_at") VALUES ($1, $2, $3, $4, $5, $6) RETURNING "id"[0m  [["title", "Document 5"], ["description", "Lorem Ipsum is simply dummy text of the printing and typesetting industry. Lorem Ipsum has been the industry's standard dummy text ever since the 1500s,"], ["file_url", "https://docs.google.com/document/d/1UUgAob6ZpivgkgCbMD84JMMRc1flrzCPKybtQoAfASo/edit"], ["image_url", "https://s3.amazonaws.com/devcamp-static/images/freelance-img.jpg"], ["created_at", "2018-03-27 19:34:58.104041"], ["updated_at", "2018-03-27 19:34:58.104041"]]
  [1m[35m (0.3ms)[0m  [1m[35mCOMMIT[0m
  [1m[35m (0.1ms)[0m  [1m[35mBEGIN[0m
  [1m[35mSQL (0.3ms)[0m  [1m[32mINSERT INTO "freelance_documents" ("title", "description", "file_url", "image_url", "created_at", "updated_at") VALUES ($1, $2, $3, $4, $5, $6) RETURNING "id"[0m  [["title", "Document 6"], ["description", "Lorem Ipsum is simply dummy text of the printing and typesetting industry. Lorem Ipsum has been the industry's standard dummy text ever since the 1500s,"], ["file_url", "https://docs.google.com/document/d/1UUgAob6ZpivgkgCbMD84JMMRc1flrzCPKybtQoAfASo/edit"], ["image_url", "https://s3.amazonaws.com/devcamp-static/images/freelance-img.jpg"], ["created_at", "2018-03-27 19:34:58.105707"], ["updated_at", "2018-03-27 19:34:58.105707"]]
  [1m[35m (0.4ms)[0m  [1m[35mCOMMIT[0m
  [1m[35m (0.1ms)[0m  [1m[35mBEGIN[0m
  [1m[35mSQL (0.3ms)[0m  [1m[32mINSERT INTO "freelance_documents" ("title", "description", "file_url", "image_url", "created_at", "updated_at") VALUES ($1, $2, $3, $4, $5, $6) RETURNING "id"[0m  [["title", "Document 7"], ["description", "Lorem Ipsum is simply dummy text of the printing and typesetting industry. Lorem Ipsum has been the industry's standard dummy text ever since the 1500s,"], ["file_url", "https://docs.google.com/document/d/1UUgAob6ZpivgkgCbMD84JMMRc1flrzCPKybtQoAfASo/edit"], ["image_url", "https://s3.amazonaws.com/devcamp-static/images/freelance-img.jpg"], ["created_at", "2018-03-27 19:34:58.107683"], ["updated_at", "2018-03-27 19:34:58.107683"]]
  [1m[35m (0.4ms)[0m  [1m[35mCOMMIT[0m
  [1m[35m (0.2ms)[0m  [1m[35mBEGIN[0m
  [1m[35mSQL (0.4ms)[0m  [1m[32mINSERT INTO "freelance_documents" ("title", "description", "file_url", "image_url", "created_at", "updated_at") VALUES ($1, $2, $3, $4, $5, $6) RETURNING "id"[0m  [["title", "Document 8"], ["description", "Lorem Ipsum is simply dummy text of the printing and typesetting industry. Lorem Ipsum has been the industry's standard dummy text ever since the 1500s,"], ["file_url", "https://docs.google.com/document/d/1UUgAob6ZpivgkgCbMD84JMMRc1flrzCPKybtQoAfASo/edit"], ["image_url", "https://s3.amazonaws.com/devcamp-static/images/freelance-img.jpg"], ["created_at", "2018-03-27 19:34:58.109566"], ["updated_at", "2018-03-27 19:34:58.109566"]]
  [1m[35m (0.8ms)[0m  [1m[35mCOMMIT[0m
  [1m[35m (0.2ms)[0m  [1m[35mBEGIN[0m
  [1m[35mSQL (0.4ms)[0m  [1m[32mINSERT INTO "freelance_documents" ("title", "description", "file_url", "image_url", "created_at", "updated_at") VALUES ($1, $2, $3, $4, $5, $6) RETURNING "id"[0m  [["title", "Document 9"], ["description", "Lorem Ipsum is simply dummy text of the printing and typesetting industry. Lorem Ipsum has been the industry's standard dummy text ever since the 1500s,"], ["file_url", "https://docs.google.com/document/d/1UUgAob6ZpivgkgCbMD84JMMRc1flrzCPKybtQoAfASo/edit"], ["image_url", "https://s3.amazonaws.com/devcamp-static/images/freelance-img.jpg"], ["created_at", "2018-03-27 19:34:58.112358"], ["updated_at", "2018-03-27 19:34:58.112358"]]
  [1m[35m (0.4ms)[0m  [1m[35mCOMMIT[0m
  [1m[36mFreelanceDocument Load (0.4ms)[0m  [1m[34mSELECT  "freelance_documents".* FROM "freelance_documents" ORDER BY "freelance_documents"."id" DESC LIMIT $1[0m  [["LIMIT", 1]]
Started GET "/" for ::1 at 2018-03-27 13:36:00 -0600
  [1m[35m (0.9ms)[0m  [1m[34mSELECT "schema_migrations"."version" FROM "schema_migrations" ORDER BY "schema_migrations"."version" ASC[0m
Processing by Rails::WelcomeController#index as HTML
  Rendering /Users/omagdiel/.rvm/gems/ruby-2.4.1/gems/railties-5.1.5/lib/rails/templates/rails/welcome/index.html.erb
  Rendered /Users/omagdiel/.rvm/gems/ruby-2.4.1/gems/railties-5.1.5/lib/rails/templates/rails/welcome/index.html.erb (2.7ms)
Completed 200 OK in 15ms (Views: 12.1ms | ActiveRecord: 0.0ms)


Started GET "/favicon.ico" for ::1 at 2018-03-27 13:36:01 -0600
  
ActionController::RoutingError (No route matches [GET] "/favicon.ico"):
  
actionpack (5.1.5) lib/action_dispatch/middleware/debug_exceptions.rb:63:in `call'
actionpack (5.1.5) lib/action_dispatch/middleware/show_exceptions.rb:31:in `call'
railties (5.1.5) lib/rails/rack/logger.rb:36:in `call_app'
railties (5.1.5) lib/rails/rack/logger.rb:24:in `block in call'
activesupport (5.1.5) lib/active_support/tagged_logging.rb:69:in `block in tagged'
activesupport (5.1.5) lib/active_support/tagged_logging.rb:26:in `tagged'
activesupport (5.1.5) lib/active_support/tagged_logging.rb:69:in `tagged'
railties (5.1.5) lib/rails/rack/logger.rb:24:in `call'
actionpack (5.1.5) lib/action_dispatch/middleware/remote_ip.rb:79:in `call'
actionpack (5.1.5) lib/action_dispatch/middleware/request_id.rb:25:in `call'
rack (2.0.4) lib/rack/runtime.rb:22:in `call'
activesupport (5.1.5) lib/active_support/cache/strategy/local_cache_middleware.rb:27:in `call'
actionpack (5.1.5) lib/action_dispatch/middleware/executor.rb:12:in `call'
actionpack (5.1.5) lib/action_dispatch/middleware/static.rb:125:in `call'
rack (2.0.4) lib/rack/sendfile.rb:111:in `call'
railties (5.1.5) lib/rails/engine.rb:522:in `call'
puma (3.11.3) lib/puma/configuration.rb:225:in `call'
puma (3.11.3) lib/puma/server.rb:624:in `handle_request'
puma (3.11.3) lib/puma/server.rb:438:in `process_client'
puma (3.11.3) lib/puma/server.rb:302:in `block in run'
puma (3.11.3) lib/puma/thread_pool.rb:120:in `block in spawn_thread'
Started GET "/freelance_documents" for ::1 at 2018-03-27 13:36:52 -0600
Processing by FreelanceDocumentsController#index as HTML
  [1m[36mFreelanceDocument Load (0.7ms)[0m  [1m[34mSELECT "freelance_documents".* FROM "freelance_documents"[0m
Completed 200 OK in 19ms (Views: 11.2ms | ActiveRecord: 6.0ms)


Started GET "/freelance_documents" for ::1 at 2018-03-27 14:02:25 -0600
  [1m[35m (12.2ms)[0m  [1m[34mSELECT "schema_migrations"."version" FROM "schema_migrations" ORDER BY "schema_migrations"."version" ASC[0m
Processing by FreelanceDocumentsController#index as HTML
  [1m[36mFreelanceDocument Load (0.6ms)[0m  [1m[34mSELECT "freelance_documents".* FROM "freelance_documents"[0m
Completed 200 OK in 17ms (Views: 9.0ms | ActiveRecord: 6.0ms)


Started GET "/favicon.ico" for ::1 at 2018-03-27 14:02:25 -0600
  
ActionController::RoutingError (No route matches [GET] "/favicon.ico"):
  
actionpack (5.1.5) lib/action_dispatch/middleware/debug_exceptions.rb:63:in `call'
actionpack (5.1.5) lib/action_dispatch/middleware/show_exceptions.rb:31:in `call'
railties (5.1.5) lib/rails/rack/logger.rb:36:in `call_app'
railties (5.1.5) lib/rails/rack/logger.rb:24:in `block in call'
activesupport (5.1.5) lib/active_support/tagged_logging.rb:69:in `block in tagged'
activesupport (5.1.5) lib/active_support/tagged_logging.rb:26:in `tagged'
activesupport (5.1.5) lib/active_support/tagged_logging.rb:69:in `tagged'
railties (5.1.5) lib/rails/rack/logger.rb:24:in `call'
actionpack (5.1.5) lib/action_dispatch/middleware/remote_ip.rb:79:in `call'
actionpack (5.1.5) lib/action_dispatch/middleware/request_id.rb:25:in `call'
rack (2.0.4) lib/rack/runtime.rb:22:in `call'
activesupport (5.1.5) lib/active_support/cache/strategy/local_cache_middleware.rb:27:in `call'
actionpack (5.1.5) lib/action_dispatch/middleware/executor.rb:12:in `call'
actionpack (5.1.5) lib/action_dispatch/middleware/static.rb:125:in `call'
rack (2.0.4) lib/rack/sendfile.rb:111:in `call'
rack-cors (1.0.2) lib/rack/cors.rb:97:in `call'
railties (5.1.5) lib/rails/engine.rb:522:in `call'
puma (3.11.3) lib/puma/configuration.rb:225:in `call'
puma (3.11.3) lib/puma/server.rb:624:in `handle_request'
puma (3.11.3) lib/puma/server.rb:438:in `process_client'
puma (3.11.3) lib/puma/server.rb:302:in `block in run'
puma (3.11.3) lib/puma/thread_pool.rb:120:in `block in spawn_thread'
Started GET "/freelance_documents.json" for ::1 at 2018-03-28 09:40:26 -0600
Started GET "/freelance_documents.json" for ::1 at 2018-03-28 09:40:26 -0600
Started GET "/freelance_documents.json" for ::1 at 2018-03-28 09:40:26 -0600
Started GET "/freelance_documents.json" for ::1 at 2018-03-28 09:40:26 -0600
Started GET "/freelance_documents.json" for ::1 at 2018-03-28 09:40:26 -0600
  [1m[35m (2.2ms)[0m  [1m[34mSELECT "schema_migrations"."version" FROM "schema_migrations" ORDER BY "schema_migrations"."version" ASC[0m
  [1m[35m (2.5ms)[0m  [1m[34mSELECT "schema_migrations"."version" FROM "schema_migrations" ORDER BY "schema_migrations"."version" ASC[0m
Processing by FreelanceDocumentsController#index as JSON
Processing by FreelanceDocumentsController#index as JSON
  [1m[35m (16.3ms)[0m  [1m[34mSELECT "schema_migrations"."version" FROM "schema_migrations" ORDER BY "schema_migrations"."version" ASC[0m
  [1m[35m (16.0ms)[0m  [1m[34mSELECT "schema_migrations"."version" FROM "schema_migrations" ORDER BY "schema_migrations"."version" ASC[0m
  [1m[35m (15.9ms)[0m  [1m[34mSELECT "schema_migrations"."version" FROM "schema_migrations" ORDER BY "schema_migrations"."version" ASC[0m
Processing by FreelanceDocumentsController#index as JSON
Processing by FreelanceDocumentsController#index as JSON
Processing by FreelanceDocumentsController#index as JSON
  [1m[36mFreelanceDocument Load (0.7ms)[0m  [1m[34mSELECT "freelance_documents".* FROM "freelance_documents"[0m
  [1m[36mFreelanceDocument Load (1.5ms)[0m  [1m[34mSELECT "freelance_documents".* FROM "freelance_documents"[0m
  [1m[36mFreelanceDocument Load (6.7ms)[0m  [1m[34mSELECT "freelance_documents".* FROM "freelance_documents"[0m
  [1m[36mFreelanceDocument Load (13.3ms)[0m  [1m[34mSELECT "freelance_documents".* FROM "freelance_documents"[0m
  [1m[36mFreelanceDocument Load (15.1ms)[0m  [1m[34mSELECT "freelance_documents".* FROM "freelance_documents"[0m
Completed 200 OK in 69ms (Views: 33.3ms | ActiveRecord: 35.8ms)


Started GET "/freelance_documents.json" for ::1 at 2018-03-28 09:40:27 -0600
Processing by FreelanceDocumentsController#index as JSON
Completed 200 OK in 77ms (Views: 13.4ms | ActiveRecord: 63.3ms)


Completed 200 OK in 79ms (Views: 4.1ms | ActiveRecord: 74.8ms)


Completed 200 OK in 88ms (Views: 18.3ms | ActiveRecord: 67.1ms)


  [1m[36mFreelanceDocument Load (12.3ms)[0m  [1m[34mSELECT "freelance_documents".* FROM "freelance_documents"[0m
Completed 200 OK in 85ms (Views: 25.9ms | ActiveRecord: 58.6ms)


Started GET "/freelance_documents.json" for ::1 at 2018-03-28 09:40:27 -0600
Completed 200 OK in 19ms (Views: 6.1ms | ActiveRecord: 12.3ms)


Processing by FreelanceDocumentsController#index as JSON
  [1m[36mFreelanceDocument Load (0.7ms)[0m  [1m[34mSELECT "freelance_documents".* FROM "freelance_documents"[0m
Completed 200 OK in 4ms (Views: 2.7ms | ActiveRecord: 0.7ms)


Started GET "/freelance_documents.json" for ::1 at 2018-03-28 09:40:30 -0600
Processing by FreelanceDocumentsController#index as JSON
  [1m[36mFreelanceDocument Load (7.6ms)[0m  [1m[34mSELECT "freelance_documents".* FROM "freelance_documents"[0m
Completed 200 OK in 11ms (Views: 2.9ms | ActiveRecord: 7.6ms)


Started GET "/freelance_documents.json" for ::1 at 2018-03-28 09:40:35 -0600
Processing by FreelanceDocumentsController#index as JSON
  [1m[36mFreelanceDocument Load (0.5ms)[0m  [1m[34mSELECT "freelance_documents".* FROM "freelance_documents"[0m
Completed 200 OK in 3ms (Views: 2.8ms | ActiveRecord: 0.5ms)


Started GET "/freelance_documents.json" for ::1 at 2018-03-28 09:40:40 -0600
Processing by FreelanceDocumentsController#index as JSON
  [1m[36mFreelanceDocument Load (1.6ms)[0m  [1m[34mSELECT "freelance_documents".* FROM "freelance_documents"[0m
Completed 200 OK in 6ms (Views: 4.0ms | ActiveRecord: 1.6ms)


Started GET "/freelance_documents.json" for ::1 at 2018-03-28 09:40:45 -0600
Processing by FreelanceDocumentsController#index as JSON
  [1m[36mFreelanceDocument Load (0.5ms)[0m  [1m[34mSELECT "freelance_documents".* FROM "freelance_documents"[0m
Completed 200 OK in 3ms (Views: 2.6ms | ActiveRecord: 0.5ms)


Started GET "/freelance_documents.json" for ::1 at 2018-03-28 09:40:53 -0600
Processing by FreelanceDocumentsController#index as JSON
  [1m[36mFreelanceDocument Load (0.5ms)[0m  [1m[34mSELECT "freelance_documents".* FROM "freelance_documents"[0m
Completed 200 OK in 4ms (Views: 3.1ms | ActiveRecord: 0.5ms)


Started GET "/freelance_documents.json" for ::1 at 2018-03-28 09:40:58 -0600
Processing by FreelanceDocumentsController#index as JSON
  [1m[36mFreelanceDocument Load (0.9ms)[0m  [1m[34mSELECT "freelance_documents".* FROM "freelance_documents"[0m
Completed 200 OK in 4ms (Views: 3.2ms | ActiveRecord: 0.9ms)


Started GET "/freelance_documents.json" for ::1 at 2018-03-28 09:41:03 -0600
Processing by FreelanceDocumentsController#index as JSON
  [1m[36mFreelanceDocument Load (0.4ms)[0m  [1m[34mSELECT "freelance_documents".* FROM "freelance_documents"[0m
Completed 200 OK in 4ms (Views: 3.1ms | ActiveRecord: 0.4ms)


Started GET "/freelance_documents.json" for ::1 at 2018-03-28 09:41:08 -0600
Processing by FreelanceDocumentsController#index as JSON
  [1m[36mFreelanceDocument Load (1.6ms)[0m  [1m[34mSELECT "freelance_documents".* FROM "freelance_documents"[0m
Completed 200 OK in 6ms (Views: 3.8ms | ActiveRecord: 1.6ms)


Started GET "/freelance_documents.json" for ::1 at 2018-03-28 09:41:13 -0600
Processing by FreelanceDocumentsController#index as JSON
  [1m[36mFreelanceDocument Load (0.3ms)[0m  [1m[34mSELECT "freelance_documents".* FROM "freelance_documents"[0m
Completed 200 OK in 4ms (Views: 3.0ms | ActiveRecord: 0.3ms)


Started GET "/freelance_documents.json" for ::1 at 2018-03-28 09:41:18 -0600
Processing by FreelanceDocumentsController#index as JSON
  [1m[36mFreelanceDocument Load (0.4ms)[0m  [1m[34mSELECT "freelance_documents".* FROM "freelance_documents"[0m
Completed 200 OK in 5ms (Views: 4.4ms | ActiveRecord: 0.4ms)


Started GET "/freelance_documents.json" for ::1 at 2018-03-28 09:41:23 -0600
Processing by FreelanceDocumentsController#index as JSON
  [1m[36mFreelanceDocument Load (0.3ms)[0m  [1m[34mSELECT "freelance_documents".* FROM "freelance_documents"[0m
Completed 200 OK in 3ms (Views: 2.7ms | ActiveRecord: 0.3ms)


Started GET "/freelance_documents.json" for ::1 at 2018-03-28 09:41:28 -0600
Processing by FreelanceDocumentsController#index as JSON
  [1m[36mFreelanceDocument Load (0.3ms)[0m  [1m[34mSELECT "freelance_documents".* FROM "freelance_documents"[0m
Completed 200 OK in 3ms (Views: 2.7ms | ActiveRecord: 0.3ms)


Started GET "/freelance_documents.json" for ::1 at 2018-03-28 09:41:33 -0600
Processing by FreelanceDocumentsController#index as JSON
  [1m[36mFreelanceDocument Load (0.4ms)[0m  [1m[34mSELECT "freelance_documents".* FROM "freelance_documents"[0m
Completed 200 OK in 4ms (Views: 3.8ms | ActiveRecord: 0.4ms)


Started GET "/freelance_documents.json" for ::1 at 2018-03-28 09:41:38 -0600
Processing by FreelanceDocumentsController#index as JSON
  [1m[36mFreelanceDocument Load (1.5ms)[0m  [1m[34mSELECT "freelance_documents".* FROM "freelance_documents"[0m
Completed 200 OK in 9ms (Views: 6.9ms | ActiveRecord: 1.5ms)


Started GET "/freelance_documents.json" for ::1 at 2018-03-28 09:41:43 -0600
Processing by FreelanceDocumentsController#index as JSON
  [1m[36mFreelanceDocument Load (0.3ms)[0m  [1m[34mSELECT "freelance_documents".* FROM "freelance_documents"[0m
Completed 200 OK in 4ms (Views: 3.1ms | ActiveRecord: 0.3ms)


Started GET "/freelance_documents.json" for ::1 at 2018-03-28 09:41:48 -0600
Processing by FreelanceDocumentsController#index as JSON
  [1m[36mFreelanceDocument Load (0.3ms)[0m  [1m[34mSELECT "freelance_documents".* FROM "freelance_documents"[0m
Completed 200 OK in 3ms (Views: 2.4ms | ActiveRecord: 0.3ms)


Started GET "/freelance_documents.json" for ::1 at 2018-03-28 09:41:53 -0600
Processing by FreelanceDocumentsController#index as JSON
  [1m[36mFreelanceDocument Load (0.3ms)[0m  [1m[34mSELECT "freelance_documents".* FROM "freelance_documents"[0m
Completed 200 OK in 4ms (Views: 3.3ms | ActiveRecord: 0.3ms)


Started GET "/freelance_documents.json" for ::1 at 2018-03-28 09:41:58 -0600
Processing by FreelanceDocumentsController#index as JSON
  [1m[36mFreelanceDocument Load (0.3ms)[0m  [1m[34mSELECT "freelance_documents".* FROM "freelance_documents"[0m
Completed 200 OK in 3ms (Views: 2.6ms | ActiveRecord: 0.3ms)


Started GET "/freelance_documents.json" for ::1 at 2018-03-28 09:42:03 -0600
Processing by FreelanceDocumentsController#index as JSON
  [1m[36mFreelanceDocument Load (0.3ms)[0m  [1m[34mSELECT "freelance_documents".* FROM "freelance_documents"[0m
Completed 200 OK in 3ms (Views: 2.8ms | ActiveRecord: 0.3ms)


Started GET "/freelance_documents.json" for ::1 at 2018-03-28 09:42:08 -0600
Processing by FreelanceDocumentsController#index as JSON
  [1m[36mFreelanceDocument Load (0.3ms)[0m  [1m[34mSELECT "freelance_documents".* FROM "freelance_documents"[0m
Completed 200 OK in 6ms (Views: 5.5ms | ActiveRecord: 0.3ms)


Started GET "/freelance_documents.json" for ::1 at 2018-03-28 09:42:13 -0600
Processing by FreelanceDocumentsController#index as JSON
  [1m[36mFreelanceDocument Load (0.3ms)[0m  [1m[34mSELECT "freelance_documents".* FROM "freelance_documents"[0m
Completed 200 OK in 3ms (Views: 2.8ms | ActiveRecord: 0.3ms)


Started GET "/freelance_documents.json" for ::1 at 2018-03-28 09:42:18 -0600
Processing by FreelanceDocumentsController#index as JSON
  [1m[36mFreelanceDocument Load (0.5ms)[0m  [1m[34mSELECT "freelance_documents".* FROM "freelance_documents"[0m
Completed 200 OK in 4ms (Views: 3.5ms | ActiveRecord: 0.5ms)


Started GET "/freelance_documents.json" for ::1 at 2018-03-28 09:42:23 -0600
Processing by FreelanceDocumentsController#index as JSON
  [1m[36mFreelanceDocument Load (0.3ms)[0m  [1m[34mSELECT "freelance_documents".* FROM "freelance_documents"[0m
Completed 200 OK in 3ms (Views: 2.5ms | ActiveRecord: 0.3ms)


Started GET "/freelance_documents.json" for ::1 at 2018-03-28 09:42:28 -0600
Processing by FreelanceDocumentsController#index as JSON
  [1m[36mFreelanceDocument Load (0.4ms)[0m  [1m[34mSELECT "freelance_documents".* FROM "freelance_documents"[0m
Completed 200 OK in 4ms (Views: 3.6ms | ActiveRecord: 0.4ms)


Started GET "/freelance_documents.json" for ::1 at 2018-03-28 09:42:33 -0600
Processing by FreelanceDocumentsController#index as JSON
  [1m[36mFreelanceDocument Load (0.3ms)[0m  [1m[34mSELECT "freelance_documents".* FROM "freelance_documents"[0m
Completed 200 OK in 3ms (Views: 2.7ms | ActiveRecord: 0.3ms)


Started GET "/freelance_documents.json" for ::1 at 2018-03-28 09:42:38 -0600
Processing by FreelanceDocumentsController#index as JSON
  [1m[36mFreelanceDocument Load (0.3ms)[0m  [1m[34mSELECT "freelance_documents".* FROM "freelance_documents"[0m
Completed 200 OK in 3ms (Views: 2.8ms | ActiveRecord: 0.3ms)


Started GET "/freelance_documents.json" for ::1 at 2018-03-28 09:42:43 -0600
Processing by FreelanceDocumentsController#index as JSON
  [1m[36mFreelanceDocument Load (0.3ms)[0m  [1m[34mSELECT "freelance_documents".* FROM "freelance_documents"[0m
Completed 200 OK in 3ms (Views: 2.4ms | ActiveRecord: 0.3ms)


Started GET "/freelance_documents.json" for ::1 at 2018-03-28 09:42:48 -0600
Processing by FreelanceDocumentsController#index as JSON
  [1m[36mFreelanceDocument Load (0.4ms)[0m  [1m[34mSELECT "freelance_documents".* FROM "freelance_documents"[0m
Completed 200 OK in 4ms (Views: 3.2ms | ActiveRecord: 0.4ms)


Started GET "/freelance_documents.json" for ::1 at 2018-03-28 09:42:53 -0600
Processing by FreelanceDocumentsController#index as JSON
  [1m[36mFreelanceDocument Load (0.3ms)[0m  [1m[34mSELECT "freelance_documents".* FROM "freelance_documents"[0m
Completed 200 OK in 3ms (Views: 2.3ms | ActiveRecord: 0.3ms)


Started GET "/freelance_documents.json" for ::1 at 2018-03-28 09:42:58 -0600
Processing by FreelanceDocumentsController#index as JSON
  [1m[36mFreelanceDocument Load (0.4ms)[0m  [1m[34mSELECT "freelance_documents".* FROM "freelance_documents"[0m
Completed 200 OK in 3ms (Views: 2.8ms | ActiveRecord: 0.4ms)


Started GET "/freelance_documents.json" for ::1 at 2018-03-28 09:43:03 -0600
Processing by FreelanceDocumentsController#index as JSON
  [1m[36mFreelanceDocument Load (1.5ms)[0m  [1m[34mSELECT "freelance_documents".* FROM "freelance_documents"[0m
Completed 200 OK in 5ms (Views: 3.1ms | ActiveRecord: 1.5ms)


Started GET "/freelance_documents.json" for ::1 at 2018-03-28 09:43:08 -0600
Processing by FreelanceDocumentsController#index as JSON
  [1m[36mFreelanceDocument Load (0.3ms)[0m  [1m[34mSELECT "freelance_documents".* FROM "freelance_documents"[0m
Completed 200 OK in 4ms (Views: 3.1ms | ActiveRecord: 0.3ms)


Started GET "/freelance_documents.json" for ::1 at 2018-03-28 09:43:13 -0600
Processing by FreelanceDocumentsController#index as JSON
  [1m[36mFreelanceDocument Load (0.4ms)[0m  [1m[34mSELECT "freelance_documents".* FROM "freelance_documents"[0m
Completed 200 OK in 4ms (Views: 3.0ms | ActiveRecord: 0.4ms)


Started GET "/freelance_documents.json" for ::1 at 2018-03-28 09:43:18 -0600
Processing by FreelanceDocumentsController#index as JSON
  [1m[36mFreelanceDocument Load (0.3ms)[0m  [1m[34mSELECT "freelance_documents".* FROM "freelance_documents"[0m
Completed 200 OK in 3ms (Views: 2.8ms | ActiveRecord: 0.3ms)


Started GET "/freelance_documents.json" for ::1 at 2018-03-28 09:43:23 -0600
Processing by FreelanceDocumentsController#index as JSON
  [1m[36mFreelanceDocument Load (0.5ms)[0m  [1m[34mSELECT "freelance_documents".* FROM "freelance_documents"[0m
Completed 200 OK in 4ms (Views: 2.9ms | ActiveRecord: 0.5ms)


Started GET "/freelance_documents.json" for ::1 at 2018-03-28 09:43:28 -0600
Processing by FreelanceDocumentsController#index as JSON
  [1m[36mFreelanceDocument Load (1.2ms)[0m  [1m[34mSELECT "freelance_documents".* FROM "freelance_documents"[0m
Completed 200 OK in 6ms (Views: 4.0ms | ActiveRecord: 1.2ms)


Started GET "/freelance_documents.json" for ::1 at 2018-03-28 09:43:33 -0600
Processing by FreelanceDocumentsController#index as JSON
  [1m[36mFreelanceDocument Load (0.3ms)[0m  [1m[34mSELECT "freelance_documents".* FROM "freelance_documents"[0m
Completed 200 OK in 3ms (Views: 3.0ms | ActiveRecord: 0.3ms)


Started GET "/freelance_documents.json" for ::1 at 2018-03-28 09:43:38 -0600
Processing by FreelanceDocumentsController#index as JSON
  [1m[36mFreelanceDocument Load (0.6ms)[0m  [1m[34mSELECT "freelance_documents".* FROM "freelance_documents"[0m
Completed 200 OK in 4ms (Views: 2.9ms | ActiveRecord: 0.6ms)


Started GET "/freelance_documents.json" for ::1 at 2018-03-28 09:43:43 -0600
Processing by FreelanceDocumentsController#index as JSON
  [1m[36mFreelanceDocument Load (0.4ms)[0m  [1m[34mSELECT "freelance_documents".* FROM "freelance_documents"[0m
Completed 200 OK in 5ms (Views: 4.5ms | ActiveRecord: 0.4ms)


Started GET "/freelance_documents.json" for ::1 at 2018-03-28 09:43:48 -0600
Processing by FreelanceDocumentsController#index as JSON
  [1m[36mFreelanceDocument Load (0.3ms)[0m  [1m[34mSELECT "freelance_documents".* FROM "freelance_documents"[0m
Completed 200 OK in 4ms (Views: 3.3ms | ActiveRecord: 0.3ms)


Started GET "/freelance_documents.json" for ::1 at 2018-03-28 09:43:53 -0600
Processing by FreelanceDocumentsController#index as JSON
  [1m[36mFreelanceDocument Load (0.3ms)[0m  [1m[34mSELECT "freelance_documents".* FROM "freelance_documents"[0m
Completed 200 OK in 3ms (Views: 2.9ms | ActiveRecord: 0.3ms)


Started GET "/freelance_documents.json" for ::1 at 2018-03-28 09:43:58 -0600
Processing by FreelanceDocumentsController#index as JSON
  [1m[36mFreelanceDocument Load (0.3ms)[0m  [1m[34mSELECT "freelance_documents".* FROM "freelance_documents"[0m
Completed 200 OK in 3ms (Views: 2.2ms | ActiveRecord: 0.3ms)


Started GET "/freelance_documents.json" for ::1 at 2018-03-28 09:44:03 -0600
Processing by FreelanceDocumentsController#index as JSON
  [1m[36mFreelanceDocument Load (0.3ms)[0m  [1m[34mSELECT "freelance_documents".* FROM "freelance_documents"[0m
Completed 200 OK in 4ms (Views: 3.2ms | ActiveRecord: 0.3ms)


Started GET "/freelance_documents.json" for ::1 at 2018-03-28 09:44:08 -0600
Processing by FreelanceDocumentsController#index as JSON
  [1m[36mFreelanceDocument Load (0.4ms)[0m  [1m[34mSELECT "freelance_documents".* FROM "freelance_documents"[0m
Completed 200 OK in 4ms (Views: 3.3ms | ActiveRecord: 0.4ms)


Started GET "/freelance_documents.json" for ::1 at 2018-03-28 09:44:13 -0600
Processing by FreelanceDocumentsController#index as JSON
  [1m[36mFreelanceDocument Load (0.3ms)[0m  [1m[34mSELECT "freelance_documents".* FROM "freelance_documents"[0m
Completed 200 OK in 4ms (Views: 3.1ms | ActiveRecord: 0.3ms)


Started GET "/freelance_documents.json" for ::1 at 2018-03-28 09:44:18 -0600
Processing by FreelanceDocumentsController#index as JSON
  [1m[36mFreelanceDocument Load (0.4ms)[0m  [1m[34mSELECT "freelance_documents".* FROM "freelance_documents"[0m
Completed 200 OK in 4ms (Views: 3.0ms | ActiveRecord: 0.4ms)


Started GET "/freelance_documents.json" for ::1 at 2018-03-28 09:44:23 -0600
Processing by FreelanceDocumentsController#index as JSON
  [1m[36mFreelanceDocument Load (0.4ms)[0m  [1m[34mSELECT "freelance_documents".* FROM "freelance_documents"[0m
Completed 200 OK in 3ms (Views: 2.8ms | ActiveRecord: 0.4ms)


Started GET "/freelance_documents.json" for ::1 at 2018-03-28 09:44:28 -0600
Processing by FreelanceDocumentsController#index as JSON
  [1m[36mFreelanceDocument Load (0.3ms)[0m  [1m[34mSELECT "freelance_documents".* FROM "freelance_documents"[0m
Completed 200 OK in 4ms (Views: 3.5ms | ActiveRecord: 0.3ms)


Started GET "/freelance_documents.json" for ::1 at 2018-03-28 09:44:33 -0600
Processing by FreelanceDocumentsController#index as JSON
  [1m[36mFreelanceDocument Load (0.4ms)[0m  [1m[34mSELECT "freelance_documents".* FROM "freelance_documents"[0m
Completed 200 OK in 4ms (Views: 2.9ms | ActiveRecord: 0.4ms)


Started GET "/freelance_documents.json" for ::1 at 2018-03-28 09:44:38 -0600
Processing by FreelanceDocumentsController#index as JSON
  [1m[36mFreelanceDocument Load (0.3ms)[0m  [1m[34mSELECT "freelance_documents".* FROM "freelance_documents"[0m
Completed 200 OK in 3ms (Views: 2.3ms | ActiveRecord: 0.3ms)


Started GET "/freelance_documents.json" for ::1 at 2018-03-28 09:44:43 -0600
Processing by FreelanceDocumentsController#index as JSON
  [1m[36mFreelanceDocument Load (0.4ms)[0m  [1m[34mSELECT "freelance_documents".* FROM "freelance_documents"[0m
Completed 200 OK in 4ms (Views: 3.6ms | ActiveRecord: 0.4ms)


Started GET "/freelance_documents.json" for ::1 at 2018-03-28 09:44:48 -0600
Processing by FreelanceDocumentsController#index as JSON
  [1m[36mFreelanceDocument Load (0.5ms)[0m  [1m[34mSELECT "freelance_documents".* FROM "freelance_documents"[0m
Completed 200 OK in 4ms (Views: 3.1ms | ActiveRecord: 0.5ms)


Started GET "/freelance_documents.json" for ::1 at 2018-03-28 09:44:53 -0600
Processing by FreelanceDocumentsController#index as JSON
  [1m[36mFreelanceDocument Load (0.4ms)[0m  [1m[34mSELECT "freelance_documents".* FROM "freelance_documents"[0m
Completed 200 OK in 4ms (Views: 3.2ms | ActiveRecord: 0.4ms)


Started GET "/freelance_documents.json" for ::1 at 2018-03-28 09:44:58 -0600
Processing by FreelanceDocumentsController#index as JSON
  [1m[36mFreelanceDocument Load (0.5ms)[0m  [1m[34mSELECT "freelance_documents".* FROM "freelance_documents"[0m
Completed 200 OK in 4ms (Views: 3.2ms | ActiveRecord: 0.5ms)


Started GET "/freelance_documents.json" for ::1 at 2018-03-28 09:45:03 -0600
Processing by FreelanceDocumentsController#index as JSON
  [1m[36mFreelanceDocument Load (0.3ms)[0m  [1m[34mSELECT "freelance_documents".* FROM "freelance_documents"[0m
Completed 200 OK in 4ms (Views: 3.8ms | ActiveRecord: 0.3ms)


Started GET "/freelance_documents.json" for ::1 at 2018-03-28 09:45:08 -0600
Processing by FreelanceDocumentsController#index as JSON
  [1m[36mFreelanceDocument Load (0.4ms)[0m  [1m[34mSELECT "freelance_documents".* FROM "freelance_documents"[0m
Completed 200 OK in 4ms (Views: 3.5ms | ActiveRecord: 0.4ms)


Started GET "/freelance_documents.json" for ::1 at 2018-03-28 09:45:13 -0600
Processing by FreelanceDocumentsController#index as JSON
  [1m[36mFreelanceDocument Load (0.7ms)[0m  [1m[34mSELECT "freelance_documents".* FROM "freelance_documents"[0m
Completed 200 OK in 4ms (Views: 3.4ms | ActiveRecord: 0.7ms)


Started GET "/freelance_documents.json" for ::1 at 2018-03-28 09:45:18 -0600
Processing by FreelanceDocumentsController#index as JSON
  [1m[36mFreelanceDocument Load (1.0ms)[0m  [1m[34mSELECT "freelance_documents".* FROM "freelance_documents"[0m
Completed 200 OK in 6ms (Views: 4.3ms | ActiveRecord: 1.0ms)


Started GET "/freelance_documents.json" for ::1 at 2018-03-28 09:45:23 -0600
Processing by FreelanceDocumentsController#index as JSON
  [1m[36mFreelanceDocument Load (0.3ms)[0m  [1m[34mSELECT "freelance_documents".* FROM "freelance_documents"[0m
Completed 200 OK in 3ms (Views: 3.0ms | ActiveRecord: 0.3ms)


Started GET "/freelance_documents.json" for ::1 at 2018-03-28 09:45:28 -0600
Processing by FreelanceDocumentsController#index as JSON
  [1m[36mFreelanceDocument Load (0.3ms)[0m  [1m[34mSELECT "freelance_documents".* FROM "freelance_documents"[0m
Completed 200 OK in 3ms (Views: 2.6ms | ActiveRecord: 0.3ms)


Started GET "/freelance_documents.json" for ::1 at 2018-03-28 09:45:33 -0600
Processing by FreelanceDocumentsController#index as JSON
  [1m[36mFreelanceDocument Load (0.4ms)[0m  [1m[34mSELECT "freelance_documents".* FROM "freelance_documents"[0m
Completed 200 OK in 5ms (Views: 4.2ms | ActiveRecord: 0.4ms)


Started GET "/freelance_documents.json" for ::1 at 2018-03-28 09:45:38 -0600
Processing by FreelanceDocumentsController#index as JSON
  [1m[36mFreelanceDocument Load (0.4ms)[0m  [1m[34mSELECT "freelance_documents".* FROM "freelance_documents"[0m
Completed 200 OK in 4ms (Views: 3.4ms | ActiveRecord: 0.4ms)


Started GET "/freelance_documents.json" for ::1 at 2018-03-28 09:45:43 -0600
Processing by FreelanceDocumentsController#index as JSON
  [1m[36mFreelanceDocument Load (0.3ms)[0m  [1m[34mSELECT "freelance_documents".* FROM "freelance_documents"[0m
Completed 200 OK in 3ms (Views: 2.7ms | ActiveRecord: 0.3ms)


Started GET "/freelance_documents.json" for ::1 at 2018-03-28 09:45:48 -0600
Processing by FreelanceDocumentsController#index as JSON
  [1m[36mFreelanceDocument Load (0.3ms)[0m  [1m[34mSELECT "freelance_documents".* FROM "freelance_documents"[0m
Completed 200 OK in 4ms (Views: 3.3ms | ActiveRecord: 0.3ms)


Started GET "/freelance_documents.json" for ::1 at 2018-03-28 09:45:53 -0600
Processing by FreelanceDocumentsController#index as JSON
  [1m[36mFreelanceDocument Load (0.4ms)[0m  [1m[34mSELECT "freelance_documents".* FROM "freelance_documents"[0m
Completed 200 OK in 4ms (Views: 2.9ms | ActiveRecord: 0.4ms)


Started GET "/freelance_documents.json" for ::1 at 2018-03-28 09:45:58 -0600
Processing by FreelanceDocumentsController#index as JSON
  [1m[36mFreelanceDocument Load (0.3ms)[0m  [1m[34mSELECT "freelance_documents".* FROM "freelance_documents"[0m
Completed 200 OK in 6ms (Views: 5.6ms | ActiveRecord: 0.3ms)


Started GET "/freelance_documents.json" for ::1 at 2018-03-28 09:46:03 -0600
Processing by FreelanceDocumentsController#index as JSON
  [1m[36mFreelanceDocument Load (0.3ms)[0m  [1m[34mSELECT "freelance_documents".* FROM "freelance_documents"[0m
Completed 200 OK in 8ms (Views: 8.0ms | ActiveRecord: 0.3ms)


Started GET "/freelance_documents.json" for ::1 at 2018-03-28 09:46:08 -0600
Processing by FreelanceDocumentsController#index as JSON
  [1m[36mFreelanceDocument Load (16.3ms)[0m  [1m[34mSELECT "freelance_documents".* FROM "freelance_documents" ORDER BY created_at DESC[0m
Completed 200 OK in 39ms (Views: 13.8ms | ActiveRecord: 20.9ms)


Started GET "/freelance_documents.json" for ::1 at 2018-03-28 09:46:13 -0600
Processing by FreelanceDocumentsController#index as JSON
  [1m[36mFreelanceDocument Load (1.6ms)[0m  [1m[34mSELECT "freelance_documents".* FROM "freelance_documents" ORDER BY created_at DESC[0m
Completed 200 OK in 8ms (Views: 5.9ms | ActiveRecord: 1.6ms)


Started GET "/freelance_documents.json" for ::1 at 2018-03-28 09:46:18 -0600
Processing by FreelanceDocumentsController#index as JSON
  [1m[36mFreelanceDocument Load (1.4ms)[0m  [1m[34mSELECT "freelance_documents".* FROM "freelance_documents" ORDER BY created_at DESC[0m
Completed 200 OK in 6ms (Views: 4.4ms | ActiveRecord: 1.4ms)


Started GET "/freelance_documents.json" for ::1 at 2018-03-28 09:46:23 -0600
Processing by FreelanceDocumentsController#index as JSON
  [1m[36mFreelanceDocument Load (1.5ms)[0m  [1m[34mSELECT "freelance_documents".* FROM "freelance_documents" ORDER BY created_at DESC[0m
Completed 200 OK in 11ms (Views: 9.4ms | ActiveRecord: 1.5ms)


Started GET "/freelance_documents.json" for ::1 at 2018-03-28 09:46:28 -0600
Processing by FreelanceDocumentsController#index as JSON
  [1m[36mFreelanceDocument Load (1.1ms)[0m  [1m[34mSELECT "freelance_documents".* FROM "freelance_documents" ORDER BY created_at DESC[0m
Completed 200 OK in 4ms (Views: 2.4ms | ActiveRecord: 1.1ms)


Started GET "/freelance_documents.json" for ::1 at 2018-03-28 09:46:33 -0600
Processing by FreelanceDocumentsController#index as JSON
  [1m[36mFreelanceDocument Load (1.8ms)[0m  [1m[34mSELECT "freelance_documents".* FROM "freelance_documents" ORDER BY created_at DESC[0m
Completed 200 OK in 8ms (Views: 6.1ms | ActiveRecord: 1.8ms)


Started GET "/freelance_documents.json" for ::1 at 2018-03-28 09:46:38 -0600
Processing by FreelanceDocumentsController#index as JSON
  [1m[36mFreelanceDocument Load (0.5ms)[0m  [1m[34mSELECT "freelance_documents".* FROM "freelance_documents" ORDER BY created_at DESC[0m
Completed 200 OK in 4ms (Views: 2.9ms | ActiveRecord: 0.5ms)


Started GET "/freelance_documents.json" for ::1 at 2018-03-28 09:46:43 -0600
Processing by FreelanceDocumentsController#index as JSON
  [1m[36mFreelanceDocument Load (0.4ms)[0m  [1m[34mSELECT "freelance_documents".* FROM "freelance_documents" ORDER BY created_at DESC[0m
Completed 200 OK in 3ms (Views: 2.4ms | ActiveRecord: 0.4ms)


Started GET "/freelance_documents.json" for ::1 at 2018-03-28 09:46:48 -0600
Processing by FreelanceDocumentsController#index as JSON
  [1m[36mFreelanceDocument Load (0.4ms)[0m  [1m[34mSELECT "freelance_documents".* FROM "freelance_documents" ORDER BY created_at DESC[0m
Completed 200 OK in 3ms (Views: 2.8ms | ActiveRecord: 0.4ms)


Started GET "/freelance_documents.json" for ::1 at 2018-03-28 09:46:53 -0600
Processing by FreelanceDocumentsController#index as JSON
  [1m[36mFreelanceDocument Load (0.4ms)[0m  [1m[34mSELECT "freelance_documents".* FROM "freelance_documents" ORDER BY created_at DESC[0m
Completed 200 OK in 3ms (Views: 2.6ms | ActiveRecord: 0.4ms)


Started GET "/freelance_documents.json" for ::1 at 2018-03-28 09:46:58 -0600
Processing by FreelanceDocumentsController#index as JSON
  [1m[36mFreelanceDocument Load (0.4ms)[0m  [1m[34mSELECT "freelance_documents".* FROM "freelance_documents" ORDER BY created_at DESC[0m
Completed 200 OK in 5ms (Views: 4.1ms | ActiveRecord: 0.4ms)


Started GET "/freelance_documents.json" for ::1 at 2018-03-28 09:47:03 -0600
Processing by FreelanceDocumentsController#index as JSON
  [1m[36mFreelanceDocument Load (0.4ms)[0m  [1m[34mSELECT "freelance_documents".* FROM "freelance_documents" ORDER BY created_at DESC[0m
Completed 200 OK in 3ms (Views: 2.1ms | ActiveRecord: 0.4ms)


Started GET "/freelance_documents.json" for ::1 at 2018-03-28 09:47:08 -0600
Processing by FreelanceDocumentsController#index as JSON
  [1m[36mFreelanceDocument Load (0.4ms)[0m  [1m[34mSELECT "freelance_documents".* FROM "freelance_documents" ORDER BY created_at DESC[0m
Completed 200 OK in 4ms (Views: 2.9ms | ActiveRecord: 0.4ms)


Started GET "/freelance_documents.json" for ::1 at 2018-03-28 09:47:13 -0600
Processing by FreelanceDocumentsController#index as JSON
  [1m[36mFreelanceDocument Load (0.5ms)[0m  [1m[34mSELECT "freelance_documents".* FROM "freelance_documents" ORDER BY created_at DESC[0m
Completed 200 OK in 4ms (Views: 3.1ms | ActiveRecord: 0.5ms)


Started GET "/freelance_documents.json" for ::1 at 2018-03-28 09:47:18 -0600
Processing by FreelanceDocumentsController#index as JSON
  [1m[36mFreelanceDocument Load (0.4ms)[0m  [1m[34mSELECT "freelance_documents".* FROM "freelance_documents" ORDER BY created_at DESC[0m
Completed 200 OK in 3ms (Views: 2.6ms | ActiveRecord: 0.4ms)


Started GET "/freelance_documents.json" for ::1 at 2018-03-28 09:47:23 -0600
Processing by FreelanceDocumentsController#index as JSON
  [1m[36mFreelanceDocument Load (0.5ms)[0m  [1m[34mSELECT "freelance_documents".* FROM "freelance_documents" ORDER BY created_at DESC[0m
Completed 200 OK in 5ms (Views: 4.2ms | ActiveRecord: 0.5ms)


Started GET "/freelance_documents.json" for ::1 at 2018-03-28 09:47:28 -0600
Processing by FreelanceDocumentsController#index as JSON
  [1m[36mFreelanceDocument Load (0.4ms)[0m  [1m[34mSELECT "freelance_documents".* FROM "freelance_documents" ORDER BY created_at DESC[0m
Completed 200 OK in 3ms (Views: 2.9ms | ActiveRecord: 0.4ms)


Started GET "/freelance_documents.json" for ::1 at 2018-03-28 09:47:33 -0600
Processing by FreelanceDocumentsController#index as JSON
  [1m[36mFreelanceDocument Load (0.9ms)[0m  [1m[34mSELECT "freelance_documents".* FROM "freelance_documents" ORDER BY created_at DESC[0m
Completed 200 OK in 5ms (Views: 3.6ms | ActiveRecord: 0.9ms)


Started GET "/freelance_documents.json" for ::1 at 2018-03-28 09:47:38 -0600
Processing by FreelanceDocumentsController#index as JSON
  [1m[36mFreelanceDocument Load (0.4ms)[0m  [1m[34mSELECT "freelance_documents".* FROM "freelance_documents" ORDER BY created_at DESC[0m
Completed 200 OK in 3ms (Views: 2.8ms | ActiveRecord: 0.4ms)


Started GET "/freelance_documents.json" for ::1 at 2018-03-28 09:47:43 -0600
Processing by FreelanceDocumentsController#index as JSON
  [1m[36mFreelanceDocument Load (0.4ms)[0m  [1m[34mSELECT "freelance_documents".* FROM "freelance_documents" ORDER BY created_at DESC[0m
Completed 200 OK in 4ms (Views: 3.2ms | ActiveRecord: 0.4ms)


Started GET "/freelance_documents.json" for ::1 at 2018-03-28 09:47:48 -0600
Processing by FreelanceDocumentsController#index as JSON
  [1m[36mFreelanceDocument Load (0.5ms)[0m  [1m[34mSELECT "freelance_documents".* FROM "freelance_documents" ORDER BY created_at DESC[0m
Completed 200 OK in 4ms (Views: 3.6ms | ActiveRecord: 0.5ms)


Started GET "/freelance_documents.json" for ::1 at 2018-03-28 09:47:53 -0600
Processing by FreelanceDocumentsController#index as JSON
  [1m[36mFreelanceDocument Load (0.5ms)[0m  [1m[34mSELECT "freelance_documents".* FROM "freelance_documents" ORDER BY created_at DESC[0m
Completed 200 OK in 5ms (Views: 4.1ms | ActiveRecord: 0.5ms)


Started GET "/freelance_documents.json" for ::1 at 2018-03-28 09:47:58 -0600
Processing by FreelanceDocumentsController#index as JSON
  [1m[36mFreelanceDocument Load (0.3ms)[0m  [1m[34mSELECT "freelance_documents".* FROM "freelance_documents" ORDER BY created_at DESC[0m
Completed 200 OK in 5ms (Views: 2.7ms | ActiveRecord: 0.3ms)


Started GET "/freelance_documents.json" for ::1 at 2018-03-28 09:48:03 -0600
Processing by FreelanceDocumentsController#index as JSON
  [1m[36mFreelanceDocument Load (0.3ms)[0m  [1m[34mSELECT "freelance_documents".* FROM "freelance_documents" ORDER BY created_at DESC[0m
Completed 200 OK in 4ms (Views: 2.9ms | ActiveRecord: 0.3ms)


Started GET "/freelance_documents.json" for ::1 at 2018-03-28 09:48:08 -0600
Processing by FreelanceDocumentsController#index as JSON
  [1m[36mFreelanceDocument Load (0.4ms)[0m  [1m[34mSELECT "freelance_documents".* FROM "freelance_documents" ORDER BY created_at DESC[0m
Completed 200 OK in 3ms (Views: 2.6ms | ActiveRecord: 0.4ms)


Started GET "/freelance_documents.json" for ::1 at 2018-03-28 09:48:13 -0600
Processing by FreelanceDocumentsController#index as JSON
  [1m[36mFreelanceDocument Load (0.5ms)[0m  [1m[34mSELECT "freelance_documents".* FROM "freelance_documents" ORDER BY created_at DESC[0m
Completed 200 OK in 4ms (Views: 3.7ms | ActiveRecord: 0.5ms)


Started GET "/freelance_documents.json" for ::1 at 2018-03-28 09:48:18 -0600
Processing by FreelanceDocumentsController#index as JSON
  [1m[36mFreelanceDocument Load (0.4ms)[0m  [1m[34mSELECT "freelance_documents".* FROM "freelance_documents" ORDER BY created_at DESC[0m
Completed 200 OK in 4ms (Views: 3.2ms | ActiveRecord: 0.4ms)


Started GET "/freelance_documents.json" for ::1 at 2018-03-28 09:48:23 -0600
Processing by FreelanceDocumentsController#index as JSON
  [1m[36mFreelanceDocument Load (0.7ms)[0m  [1m[34mSELECT "freelance_documents".* FROM "freelance_documents" ORDER BY created_at DESC[0m
Completed 200 OK in 4ms (Views: 3.2ms | ActiveRecord: 0.7ms)


Started GET "/freelance_documents.json" for ::1 at 2018-03-28 09:48:28 -0600
Processing by FreelanceDocumentsController#index as JSON
  [1m[36mFreelanceDocument Load (0.4ms)[0m  [1m[34mSELECT "freelance_documents".* FROM "freelance_documents" ORDER BY created_at DESC[0m
Completed 200 OK in 3ms (Views: 2.7ms | ActiveRecord: 0.4ms)


Started GET "/freelance_documents.json" for ::1 at 2018-03-28 09:48:33 -0600
Processing by FreelanceDocumentsController#index as JSON
  [1m[36mFreelanceDocument Load (0.5ms)[0m  [1m[34mSELECT "freelance_documents".* FROM "freelance_documents" ORDER BY created_at DESC[0m
Completed 200 OK in 7ms (Views: 6.5ms | ActiveRecord: 0.5ms)


Started GET "/freelance_documents.json" for ::1 at 2018-03-28 09:48:38 -0600
Processing by FreelanceDocumentsController#index as JSON
  [1m[36mFreelanceDocument Load (0.4ms)[0m  [1m[34mSELECT "freelance_documents".* FROM "freelance_documents" ORDER BY created_at DESC[0m
Completed 200 OK in 3ms (Views: 2.4ms | ActiveRecord: 0.4ms)


Started GET "/freelance_documents.json" for ::1 at 2018-03-28 09:48:43 -0600
Processing by FreelanceDocumentsController#index as JSON
  [1m[36mFreelanceDocument Load (0.4ms)[0m  [1m[34mSELECT "freelance_documents".* FROM "freelance_documents" ORDER BY created_at DESC[0m
Completed 200 OK in 4ms (Views: 3.0ms | ActiveRecord: 0.4ms)


Started GET "/freelance_documents.json" for ::1 at 2018-03-28 09:48:48 -0600
Processing by FreelanceDocumentsController#index as JSON
  [1m[36mFreelanceDocument Load (0.5ms)[0m  [1m[34mSELECT "freelance_documents".* FROM "freelance_documents" ORDER BY created_at DESC[0m
Completed 200 OK in 4ms (Views: 3.1ms | ActiveRecord: 0.5ms)


Started GET "/freelance_documents.json" for ::1 at 2018-03-28 09:48:53 -0600
Processing by FreelanceDocumentsController#index as JSON
  [1m[36mFreelanceDocument Load (0.4ms)[0m  [1m[34mSELECT "freelance_documents".* FROM "freelance_documents" ORDER BY created_at DESC[0m
Completed 200 OK in 4ms (Views: 2.9ms | ActiveRecord: 0.4ms)


Started GET "/freelance_documents.json" for ::1 at 2018-03-28 09:48:58 -0600
Processing by FreelanceDocumentsController#index as JSON
  [1m[36mFreelanceDocument Load (0.4ms)[0m  [1m[34mSELECT "freelance_documents".* FROM "freelance_documents" ORDER BY created_at DESC[0m
Completed 200 OK in 4ms (Views: 3.3ms | ActiveRecord: 0.4ms)


Started GET "/freelance_documents.json" for ::1 at 2018-03-28 09:49:03 -0600
Processing by FreelanceDocumentsController#index as JSON
  [1m[36mFreelanceDocument Load (0.4ms)[0m  [1m[34mSELECT "freelance_documents".* FROM "freelance_documents" ORDER BY created_at DESC[0m
Completed 200 OK in 3ms (Views: 2.7ms | ActiveRecord: 0.4ms)


Started GET "/freelance_documents.json" for ::1 at 2018-03-28 09:49:08 -0600
Processing by FreelanceDocumentsController#index as JSON
  [1m[36mFreelanceDocument Load (0.3ms)[0m  [1m[34mSELECT "freelance_documents".* FROM "freelance_documents" ORDER BY created_at DESC[0m
Completed 200 OK in 3ms (Views: 2.3ms | ActiveRecord: 0.3ms)


Started GET "/freelance_documents.json" for ::1 at 2018-03-28 09:49:13 -0600
Processing by FreelanceDocumentsController#index as JSON
  [1m[36mFreelanceDocument Load (0.4ms)[0m  [1m[34mSELECT "freelance_documents".* FROM "freelance_documents" ORDER BY created_at DESC[0m
Completed 200 OK in 3ms (Views: 2.4ms | ActiveRecord: 0.4ms)


Started GET "/freelance_documents.json" for ::1 at 2018-03-28 09:49:18 -0600
Processing by FreelanceDocumentsController#index as JSON
  [1m[36mFreelanceDocument Load (1.0ms)[0m  [1m[34mSELECT "freelance_documents".* FROM "freelance_documents" ORDER BY created_at DESC[0m
Completed 200 OK in 5ms (Views: 3.6ms | ActiveRecord: 1.0ms)


Started GET "/freelance_documents.json" for ::1 at 2018-03-28 09:49:23 -0600
Processing by FreelanceDocumentsController#index as JSON
  [1m[36mFreelanceDocument Load (0.4ms)[0m  [1m[34mSELECT "freelance_documents".* FROM "freelance_documents" ORDER BY created_at DESC[0m
Completed 200 OK in 5ms (Views: 4.2ms | ActiveRecord: 0.4ms)


Started GET "/freelance_documents.json" for ::1 at 2018-03-28 09:49:28 -0600
Processing by FreelanceDocumentsController#index as JSON
  [1m[36mFreelanceDocument Load (0.5ms)[0m  [1m[34mSELECT "freelance_documents".* FROM "freelance_documents" ORDER BY created_at DESC[0m
Completed 200 OK in 4ms (Views: 3.0ms | ActiveRecord: 0.5ms)


Started GET "/freelance_documents.json" for ::1 at 2018-03-28 09:49:33 -0600
Processing by FreelanceDocumentsController#index as JSON
  [1m[36mFreelanceDocument Load (0.6ms)[0m  [1m[34mSELECT "freelance_documents".* FROM "freelance_documents" ORDER BY created_at DESC[0m
Completed 200 OK in 5ms (Views: 3.9ms | ActiveRecord: 0.6ms)


Started GET "/freelance_documents.json" for ::1 at 2018-03-28 09:49:38 -0600
Processing by FreelanceDocumentsController#index as JSON
  [1m[36mFreelanceDocument Load (0.4ms)[0m  [1m[34mSELECT "freelance_documents".* FROM "freelance_documents" ORDER BY created_at DESC[0m
Completed 200 OK in 4ms (Views: 2.9ms | ActiveRecord: 0.4ms)


Started GET "/freelance_documents.json" for ::1 at 2018-03-28 09:49:43 -0600
Processing by FreelanceDocumentsController#index as JSON
  [1m[36mFreelanceDocument Load (0.4ms)[0m  [1m[34mSELECT "freelance_documents".* FROM "freelance_documents" ORDER BY created_at DESC[0m
Completed 200 OK in 4ms (Views: 3.5ms | ActiveRecord: 0.4ms)


Started GET "/freelance_documents.json" for ::1 at 2018-03-28 09:49:48 -0600
Processing by FreelanceDocumentsController#index as JSON
  [1m[36mFreelanceDocument Load (0.3ms)[0m  [1m[34mSELECT "freelance_documents".* FROM "freelance_documents" ORDER BY created_at DESC[0m
Completed 200 OK in 3ms (Views: 2.4ms | ActiveRecord: 0.3ms)


Started GET "/freelance_documents.json" for ::1 at 2018-03-28 09:49:53 -0600
Processing by FreelanceDocumentsController#index as JSON
  [1m[36mFreelanceDocument Load (0.4ms)[0m  [1m[34mSELECT "freelance_documents".* FROM "freelance_documents" ORDER BY created_at DESC[0m
Completed 200 OK in 4ms (Views: 3.0ms | ActiveRecord: 0.4ms)


Started GET "/freelance_documents.json" for ::1 at 2018-03-28 09:49:58 -0600
Processing by FreelanceDocumentsController#index as JSON
  [1m[36mFreelanceDocument Load (0.4ms)[0m  [1m[34mSELECT "freelance_documents".* FROM "freelance_documents" ORDER BY created_at DESC[0m
Completed 200 OK in 4ms (Views: 3.1ms | ActiveRecord: 0.4ms)


Started GET "/freelance_documents.json" for ::1 at 2018-03-28 09:50:03 -0600
Processing by FreelanceDocumentsController#index as JSON
  [1m[36mFreelanceDocument Load (1.8ms)[0m  [1m[34mSELECT "freelance_documents".* FROM "freelance_documents" ORDER BY created_at DESC[0m
Completed 200 OK in 6ms (Views: 4.1ms | ActiveRecord: 1.8ms)


Started GET "/freelance_documents.json" for ::1 at 2018-03-28 09:50:08 -0600
Processing by FreelanceDocumentsController#index as JSON
  [1m[36mFreelanceDocument Load (0.7ms)[0m  [1m[34mSELECT "freelance_documents".* FROM "freelance_documents" ORDER BY created_at DESC[0m
Completed 200 OK in 4ms (Views: 3.2ms | ActiveRecord: 0.7ms)


Started GET "/freelance_documents.json" for ::1 at 2018-03-28 09:50:13 -0600
Processing by FreelanceDocumentsController#index as JSON
  [1m[36mFreelanceDocument Load (0.5ms)[0m  [1m[34mSELECT "freelance_documents".* FROM "freelance_documents" ORDER BY created_at DESC[0m
Completed 200 OK in 5ms (Views: 3.8ms | ActiveRecord: 0.5ms)


Started GET "/freelance_documents.json" for ::1 at 2018-03-28 09:50:18 -0600
Processing by FreelanceDocumentsController#index as JSON
  [1m[36mFreelanceDocument Load (0.4ms)[0m  [1m[34mSELECT "freelance_documents".* FROM "freelance_documents" ORDER BY created_at DESC[0m
Completed 200 OK in 4ms (Views: 2.9ms | ActiveRecord: 0.4ms)


Started GET "/freelance_documents.json" for ::1 at 2018-03-28 09:50:23 -0600
Processing by FreelanceDocumentsController#index as JSON
  [1m[36mFreelanceDocument Load (0.4ms)[0m  [1m[34mSELECT "freelance_documents".* FROM "freelance_documents" ORDER BY created_at DESC[0m
Completed 200 OK in 4ms (Views: 3.7ms | ActiveRecord: 0.4ms)


Started GET "/freelance_documents.json" for ::1 at 2018-03-28 09:50:28 -0600
Processing by FreelanceDocumentsController#index as JSON
  [1m[36mFreelanceDocument Load (0.3ms)[0m  [1m[34mSELECT "freelance_documents".* FROM "freelance_documents" ORDER BY created_at DESC[0m
Completed 200 OK in 3ms (Views: 2.4ms | ActiveRecord: 0.3ms)


Started GET "/freelance_documents.json" for ::1 at 2018-03-28 09:50:33 -0600
Processing by FreelanceDocumentsController#index as JSON
  [1m[36mFreelanceDocument Load (0.4ms)[0m  [1m[34mSELECT "freelance_documents".* FROM "freelance_documents" ORDER BY created_at DESC[0m
Completed 200 OK in 4ms (Views: 2.9ms | ActiveRecord: 0.4ms)


Started GET "/freelance_documents.json" for ::1 at 2018-03-28 09:50:38 -0600
Processing by FreelanceDocumentsController#index as JSON
  [1m[36mFreelanceDocument Load (0.5ms)[0m  [1m[34mSELECT "freelance_documents".* FROM "freelance_documents" ORDER BY created_at DESC[0m
Completed 200 OK in 6ms (Views: 5.3ms | ActiveRecord: 0.5ms)


Started GET "/freelance_documents.json" for ::1 at 2018-03-28 09:50:43 -0600
Processing by FreelanceDocumentsController#index as JSON
  [1m[36mFreelanceDocument Load (1.1ms)[0m  [1m[34mSELECT "freelance_documents".* FROM "freelance_documents" ORDER BY created_at DESC[0m
Completed 200 OK in 8ms (Views: 6.3ms | ActiveRecord: 1.1ms)


Started GET "/freelance_documents.json" for ::1 at 2018-03-28 09:50:48 -0600
Processing by FreelanceDocumentsController#index as JSON
  [1m[36mFreelanceDocument Load (1.3ms)[0m  [1m[34mSELECT "freelance_documents".* FROM "freelance_documents" ORDER BY created_at DESC[0m
Completed 200 OK in 7ms (Views: 5.5ms | ActiveRecord: 1.3ms)


Started GET "/freelance_documents.json" for ::1 at 2018-03-28 09:50:53 -0600
Processing by FreelanceDocumentsController#index as JSON
  [1m[36mFreelanceDocument Load (0.4ms)[0m  [1m[34mSELECT "freelance_documents".* FROM "freelance_documents" ORDER BY created_at DESC[0m
Completed 200 OK in 5ms (Views: 4.0ms | ActiveRecord: 0.4ms)


Started GET "/freelance_documents.json" for ::1 at 2018-03-28 09:50:58 -0600
Processing by FreelanceDocumentsController#index as JSON
  [1m[36mFreelanceDocument Load (0.4ms)[0m  [1m[34mSELECT "freelance_documents".* FROM "freelance_documents" ORDER BY created_at DESC[0m
Completed 200 OK in 5ms (Views: 4.1ms | ActiveRecord: 0.4ms)


Started GET "/freelance_documents.json" for ::1 at 2018-03-28 09:51:03 -0600
Processing by FreelanceDocumentsController#index as JSON
  [1m[36mFreelanceDocument Load (0.4ms)[0m  [1m[34mSELECT "freelance_documents".* FROM "freelance_documents" ORDER BY created_at DESC[0m
Completed 200 OK in 4ms (Views: 2.9ms | ActiveRecord: 0.4ms)


Started GET "/freelance_documents.json" for ::1 at 2018-03-28 09:51:08 -0600
Processing by FreelanceDocumentsController#index as JSON
  [1m[36mFreelanceDocument Load (0.4ms)[0m  [1m[34mSELECT "freelance_documents".* FROM "freelance_documents" ORDER BY created_at DESC[0m
Completed 200 OK in 5ms (Views: 4.1ms | ActiveRecord: 0.4ms)


Started GET "/freelance_documents.json" for ::1 at 2018-03-28 09:51:13 -0600
Processing by FreelanceDocumentsController#index as JSON
  [1m[36mFreelanceDocument Load (0.3ms)[0m  [1m[34mSELECT "freelance_documents".* FROM "freelance_documents" ORDER BY created_at DESC[0m
Completed 200 OK in 4ms (Views: 2.8ms | ActiveRecord: 0.3ms)


Started GET "/freelance_documents.json" for ::1 at 2018-03-28 09:51:18 -0600
Processing by FreelanceDocumentsController#index as JSON
  [1m[36mFreelanceDocument Load (0.3ms)[0m  [1m[34mSELECT "freelance_documents".* FROM "freelance_documents" ORDER BY created_at DESC[0m
Completed 200 OK in 3ms (Views: 2.4ms | ActiveRecord: 0.3ms)


Started GET "/freelance_documents.json" for ::1 at 2018-03-28 09:51:23 -0600
Processing by FreelanceDocumentsController#index as JSON
  [1m[36mFreelanceDocument Load (0.7ms)[0m  [1m[34mSELECT "freelance_documents".* FROM "freelance_documents" ORDER BY created_at DESC[0m
Completed 200 OK in 3ms (Views: 2.6ms | ActiveRecord: 0.7ms)


Started GET "/freelance_documents.json" for ::1 at 2018-03-28 09:51:28 -0600
Processing by FreelanceDocumentsController#index as JSON
  [1m[36mFreelanceDocument Load (1.6ms)[0m  [1m[34mSELECT "freelance_documents".* FROM "freelance_documents" ORDER BY created_at DESC[0m
Completed 200 OK in 8ms (Views: 5.6ms | ActiveRecord: 1.6ms)


Started GET "/freelance_documents.json" for ::1 at 2018-03-28 09:51:33 -0600
Processing by FreelanceDocumentsController#index as JSON
  [1m[36mFreelanceDocument Load (0.4ms)[0m  [1m[34mSELECT "freelance_documents".* FROM "freelance_documents" ORDER BY created_at DESC[0m
Completed 200 OK in 5ms (Views: 4.0ms | ActiveRecord: 0.4ms)


Started GET "/freelance_documents.json" for ::1 at 2018-03-28 09:51:38 -0600
Processing by FreelanceDocumentsController#index as JSON
  [1m[36mFreelanceDocument Load (0.4ms)[0m  [1m[34mSELECT "freelance_documents".* FROM "freelance_documents" ORDER BY created_at DESC[0m
Completed 200 OK in 4ms (Views: 3.0ms | ActiveRecord: 0.4ms)


Started GET "/freelance_documents.json" for ::1 at 2018-03-28 09:51:43 -0600
Processing by FreelanceDocumentsController#index as JSON
  [1m[36mFreelanceDocument Load (0.4ms)[0m  [1m[34mSELECT "freelance_documents".* FROM "freelance_documents" ORDER BY created_at DESC[0m
Completed 200 OK in 4ms (Views: 2.9ms | ActiveRecord: 0.4ms)


Started GET "/freelance_documents.json" for ::1 at 2018-03-28 09:51:48 -0600
Processing by FreelanceDocumentsController#index as JSON
  [1m[36mFreelanceDocument Load (0.5ms)[0m  [1m[34mSELECT "freelance_documents".* FROM "freelance_documents" ORDER BY created_at DESC[0m
Completed 200 OK in 4ms (Views: 3.1ms | ActiveRecord: 0.5ms)


Started GET "/freelance_documents.json" for ::1 at 2018-03-28 09:51:53 -0600
Processing by FreelanceDocumentsController#index as JSON
  [1m[36mFreelanceDocument Load (0.3ms)[0m  [1m[34mSELECT "freelance_documents".* FROM "freelance_documents" ORDER BY created_at DESC[0m
Completed 200 OK in 3ms (Views: 2.8ms | ActiveRecord: 0.3ms)


Started GET "/freelance_documents.json" for ::1 at 2018-03-28 09:51:58 -0600
Processing by FreelanceDocumentsController#index as JSON
  [1m[36mFreelanceDocument Load (0.3ms)[0m  [1m[34mSELECT "freelance_documents".* FROM "freelance_documents" ORDER BY created_at DESC[0m
Completed 200 OK in 3ms (Views: 2.7ms | ActiveRecord: 0.3ms)


Started GET "/freelance_documents.json" for ::1 at 2018-03-28 09:52:08 -0600
Processing by FreelanceDocumentsController#index as JSON
  [1m[36mFreelanceDocument Load (9.3ms)[0m  [1m[34mSELECT "freelance_documents".* FROM "freelance_documents" ORDER BY created_at DESC[0m
Completed 200 OK in 13ms (Views: 3.5ms | ActiveRecord: 9.3ms)


Started GET "/freelance_documents.json" for ::1 at 2018-03-28 09:52:13 -0600
Processing by FreelanceDocumentsController#index as JSON
  [1m[36mFreelanceDocument Load (0.4ms)[0m  [1m[34mSELECT "freelance_documents".* FROM "freelance_documents" ORDER BY created_at DESC[0m
Completed 200 OK in 4ms (Views: 3.0ms | ActiveRecord: 0.4ms)


Started GET "/freelance_documents.json" for ::1 at 2018-03-28 09:52:18 -0600
Processing by FreelanceDocumentsController#index as JSON
  [1m[36mFreelanceDocument Load (0.4ms)[0m  [1m[34mSELECT "freelance_documents".* FROM "freelance_documents" ORDER BY created_at DESC[0m
Completed 200 OK in 5ms (Views: 4.8ms | ActiveRecord: 0.4ms)


Started GET "/freelance_documents.json" for ::1 at 2018-03-28 09:52:23 -0600
Processing by FreelanceDocumentsController#index as JSON
  [1m[36mFreelanceDocument Load (0.4ms)[0m  [1m[34mSELECT "freelance_documents".* FROM "freelance_documents" ORDER BY created_at DESC[0m
Completed 200 OK in 4ms (Views: 3.0ms | ActiveRecord: 0.4ms)


Started GET "/freelance_documents.json" for ::1 at 2018-03-28 09:52:28 -0600
Processing by FreelanceDocumentsController#index as JSON
  [1m[36mFreelanceDocument Load (17.2ms)[0m  [1m[34mSELECT "freelance_documents".* FROM "freelance_documents" ORDER BY created_at DESC[0m
Completed 200 OK in 21ms (Views: 3.2ms | ActiveRecord: 17.2ms)


Started GET "/freelance_documents.json" for ::1 at 2018-03-28 09:52:33 -0600
Processing by FreelanceDocumentsController#index as JSON
  [1m[36mFreelanceDocument Load (0.4ms)[0m  [1m[34mSELECT "freelance_documents".* FROM "freelance_documents" ORDER BY created_at DESC[0m
Completed 200 OK in 4ms (Views: 3.0ms | ActiveRecord: 0.4ms)


Started GET "/freelance_documents.json" for ::1 at 2018-03-28 09:52:38 -0600
Processing by FreelanceDocumentsController#index as JSON
  [1m[36mFreelanceDocument Load (0.4ms)[0m  [1m[34mSELECT "freelance_documents".* FROM "freelance_documents" ORDER BY created_at DESC[0m
Completed 200 OK in 4ms (Views: 3.2ms | ActiveRecord: 0.4ms)


Started GET "/freelance_documents.json" for ::1 at 2018-03-28 09:52:43 -0600
Processing by FreelanceDocumentsController#index as JSON
  [1m[36mFreelanceDocument Load (0.4ms)[0m  [1m[34mSELECT "freelance_documents".* FROM "freelance_documents" ORDER BY created_at DESC[0m
Completed 200 OK in 4ms (Views: 3.0ms | ActiveRecord: 0.4ms)


Started GET "/freelance_documents.json" for ::1 at 2018-03-28 09:52:49 -0600
Processing by FreelanceDocumentsController#index as JSON
  [1m[36mFreelanceDocument Load (0.4ms)[0m  [1m[34mSELECT "freelance_documents".* FROM "freelance_documents" ORDER BY created_at DESC[0m
Completed 200 OK in 4ms (Views: 3.0ms | ActiveRecord: 0.4ms)


Started GET "/freelance_documents.json" for ::1 at 2018-03-28 09:52:54 -0600
Processing by FreelanceDocumentsController#index as JSON
  [1m[36mFreelanceDocument Load (0.4ms)[0m  [1m[34mSELECT "freelance_documents".* FROM "freelance_documents" ORDER BY created_at DESC[0m
Completed 200 OK in 4ms (Views: 3.0ms | ActiveRecord: 0.4ms)


Started GET "/freelance_documents.json" for ::1 at 2018-03-28 09:52:59 -0600
Processing by FreelanceDocumentsController#index as JSON
  [1m[36mFreelanceDocument Load (1.5ms)[0m  [1m[34mSELECT "freelance_documents".* FROM "freelance_documents" ORDER BY created_at DESC[0m
Completed 200 OK in 5ms (Views: 3.2ms | ActiveRecord: 1.5ms)


Started GET "/freelance_documents.json" for ::1 at 2018-03-28 09:53:04 -0600
Processing by FreelanceDocumentsController#index as JSON
  [1m[36mFreelanceDocument Load (0.7ms)[0m  [1m[34mSELECT "freelance_documents".* FROM "freelance_documents" ORDER BY created_at DESC[0m
Completed 200 OK in 5ms (Views: 3.7ms | ActiveRecord: 0.7ms)


Started GET "/freelance_documents.json" for ::1 at 2018-03-28 09:53:08 -0600
Processing by FreelanceDocumentsController#index as JSON
  [1m[36mFreelanceDocument Load (0.4ms)[0m  [1m[34mSELECT "freelance_documents".* FROM "freelance_documents" ORDER BY created_at DESC[0m
Completed 200 OK in 5ms (Views: 4.0ms | ActiveRecord: 0.4ms)


Started GET "/freelance_documents.json" for ::1 at 2018-03-28 09:53:13 -0600
Processing by FreelanceDocumentsController#index as JSON
  [1m[36mFreelanceDocument Load (0.4ms)[0m  [1m[34mSELECT "freelance_documents".* FROM "freelance_documents" ORDER BY created_at DESC[0m
Completed 200 OK in 4ms (Views: 3.5ms | ActiveRecord: 0.4ms)


Started GET "/freelance_documents.json" for ::1 at 2018-03-28 09:53:18 -0600
Processing by FreelanceDocumentsController#index as JSON
  [1m[36mFreelanceDocument Load (0.4ms)[0m  [1m[34mSELECT "freelance_documents".* FROM "freelance_documents" ORDER BY created_at DESC[0m
Completed 200 OK in 4ms (Views: 2.8ms | ActiveRecord: 0.4ms)


Started GET "/freelance_documents.json" for ::1 at 2018-03-28 09:53:23 -0600
Processing by FreelanceDocumentsController#index as JSON
  [1m[36mFreelanceDocument Load (0.4ms)[0m  [1m[34mSELECT "freelance_documents".* FROM "freelance_documents" ORDER BY created_at DESC[0m
Completed 200 OK in 4ms (Views: 3.5ms | ActiveRecord: 0.4ms)


Started GET "/freelance_documents.json" for ::1 at 2018-03-28 09:53:29 -0600
Processing by FreelanceDocumentsController#index as JSON
  [1m[36mFreelanceDocument Load (0.5ms)[0m  [1m[34mSELECT "freelance_documents".* FROM "freelance_documents" ORDER BY created_at DESC[0m
Completed 200 OK in 5ms (Views: 4.5ms | ActiveRecord: 0.5ms)


Started GET "/freelance_documents.json" for ::1 at 2018-03-28 09:53:34 -0600
Processing by FreelanceDocumentsController#index as JSON
  [1m[36mFreelanceDocument Load (0.3ms)[0m  [1m[34mSELECT "freelance_documents".* FROM "freelance_documents" ORDER BY created_at DESC[0m
Completed 200 OK in 3ms (Views: 2.8ms | ActiveRecord: 0.3ms)


Started GET "/freelance_documents.json" for ::1 at 2018-03-28 09:53:39 -0600
Processing by FreelanceDocumentsController#index as JSON
  [1m[36mFreelanceDocument Load (0.4ms)[0m  [1m[34mSELECT "freelance_documents".* FROM "freelance_documents" ORDER BY created_at DESC[0m
Completed 200 OK in 5ms (Views: 4.8ms | ActiveRecord: 0.4ms)


Started GET "/freelance_documents.json" for ::1 at 2018-03-28 09:53:44 -0600
Processing by FreelanceDocumentsController#index as JSON
  [1m[36mFreelanceDocument Load (0.4ms)[0m  [1m[34mSELECT "freelance_documents".* FROM "freelance_documents" ORDER BY created_at DESC[0m
Completed 200 OK in 4ms (Views: 3.1ms | ActiveRecord: 0.4ms)


Started GET "/freelance_documents.json" for ::1 at 2018-03-28 09:53:49 -0600
Processing by FreelanceDocumentsController#index as JSON
  [1m[36mFreelanceDocument Load (0.4ms)[0m  [1m[34mSELECT "freelance_documents".* FROM "freelance_documents" ORDER BY created_at DESC[0m
Completed 200 OK in 4ms (Views: 2.9ms | ActiveRecord: 0.4ms)


Started GET "/freelance_documents.json" for ::1 at 2018-03-28 09:53:54 -0600
Processing by FreelanceDocumentsController#index as JSON
  [1m[36mFreelanceDocument Load (0.4ms)[0m  [1m[34mSELECT "freelance_documents".* FROM "freelance_documents" ORDER BY created_at DESC[0m
Completed 200 OK in 4ms (Views: 3.2ms | ActiveRecord: 0.4ms)


Started GET "/freelance_documents.json" for ::1 at 2018-03-28 09:53:59 -0600
Processing by FreelanceDocumentsController#index as JSON
  [1m[36mFreelanceDocument Load (0.3ms)[0m  [1m[34mSELECT "freelance_documents".* FROM "freelance_documents" ORDER BY created_at DESC[0m
Completed 200 OK in 8ms (Views: 7.4ms | ActiveRecord: 0.3ms)


Started GET "/freelance_documents.json" for ::1 at 2018-03-28 09:54:04 -0600
Processing by FreelanceDocumentsController#index as JSON
  [1m[36mFreelanceDocument Load (0.4ms)[0m  [1m[34mSELECT "freelance_documents".* FROM "freelance_documents" ORDER BY created_at DESC[0m
Completed 200 OK in 4ms (Views: 3.1ms | ActiveRecord: 0.4ms)


Started GET "/freelance_documents.json" for ::1 at 2018-03-28 09:54:09 -0600
Processing by FreelanceDocumentsController#index as JSON
  [1m[36mFreelanceDocument Load (0.3ms)[0m  [1m[34mSELECT "freelance_documents".* FROM "freelance_documents" ORDER BY created_at DESC[0m
Completed 200 OK in 3ms (Views: 2.1ms | ActiveRecord: 0.3ms)


Started GET "/freelance_documents.json" for ::1 at 2018-03-28 09:54:14 -0600
Processing by FreelanceDocumentsController#index as JSON
  [1m[36mFreelanceDocument Load (0.4ms)[0m  [1m[34mSELECT "freelance_documents".* FROM "freelance_documents" ORDER BY created_at DESC[0m
Completed 200 OK in 4ms (Views: 3.1ms | ActiveRecord: 0.4ms)


Started GET "/freelance_documents.json" for ::1 at 2018-03-28 09:54:19 -0600
Processing by FreelanceDocumentsController#index as JSON
  [1m[36mFreelanceDocument Load (0.4ms)[0m  [1m[34mSELECT "freelance_documents".* FROM "freelance_documents" ORDER BY created_at DESC[0m
Completed 200 OK in 3ms (Views: 2.6ms | ActiveRecord: 0.4ms)


Started GET "/freelance_documents.json" for ::1 at 2018-03-28 09:54:24 -0600
Processing by FreelanceDocumentsController#index as JSON
  [1m[36mFreelanceDocument Load (0.3ms)[0m  [1m[34mSELECT "freelance_documents".* FROM "freelance_documents" ORDER BY created_at DESC[0m
Completed 200 OK in 3ms (Views: 2.3ms | ActiveRecord: 0.3ms)


Started GET "/freelance_documents.json" for ::1 at 2018-03-28 09:54:29 -0600
Processing by FreelanceDocumentsController#index as JSON
  [1m[36mFreelanceDocument Load (0.4ms)[0m  [1m[34mSELECT "freelance_documents".* FROM "freelance_documents" ORDER BY created_at DESC[0m
Completed 200 OK in 3ms (Views: 2.8ms | ActiveRecord: 0.4ms)


Started GET "/freelance_documents.json" for ::1 at 2018-03-28 09:54:34 -0600
Processing by FreelanceDocumentsController#index as JSON
  [1m[36mFreelanceDocument Load (0.4ms)[0m  [1m[34mSELECT "freelance_documents".* FROM "freelance_documents" ORDER BY created_at DESC[0m
Completed 200 OK in 12ms (Views: 11.0ms | ActiveRecord: 0.4ms)


Started GET "/freelance_documents.json" for ::1 at 2018-03-28 09:54:39 -0600
Processing by FreelanceDocumentsController#index as JSON
  [1m[36mFreelanceDocument Load (0.5ms)[0m  [1m[34mSELECT "freelance_documents".* FROM "freelance_documents" ORDER BY created_at DESC[0m
Completed 200 OK in 4ms (Views: 2.9ms | ActiveRecord: 0.5ms)


Started GET "/freelance_documents.json" for ::1 at 2018-03-28 09:54:44 -0600
Processing by FreelanceDocumentsController#index as JSON
  [1m[36mFreelanceDocument Load (0.3ms)[0m  [1m[34mSELECT "freelance_documents".* FROM "freelance_documents" ORDER BY created_at DESC[0m
Completed 200 OK in 3ms (Views: 2.8ms | ActiveRecord: 0.3ms)


